<?xml version="1.0" encoding="UTF-8"?>
<!-- Generated by org.testng.reporters.JUnitReportReporter -->
<testsuite hostname="DESKTOP-J96NAOD" failures="0" tests="2" name="Test.AddContactTest" time="69.206" errors="0" timestamp="22 Mar 2021 06:53:03 GMT">
  <testcase classname="Test.AddContactTest" name="setup" time="64.712"/>
  <testcase classname="Test.AddContactTest" name="addContact" time="4.494"/>
</testsuite> <!-- Test.AddContactTest -->
