<?xml version="1.0" encoding="UTF-8"?>
<!-- Generated by org.testng.reporters.JUnitReportReporter -->
<testsuite hostname="DESKTOP-J96NAOD" failures="0" tests="1" name="UtilityPackage.Login" time="32.722" errors="0" timestamp="11 Mar 2021 06:50:16 GMT">
  <testcase classname="UtilityPackage.Login" name="loginToSite" time="32.722"/>
</testsuite> <!-- UtilityPackage.Login -->
